[debug] [2021-04-19T20:05:11.939Z] ----------------------------------------------------------------------
[debug] [2021-04-19T20:05:11.942Z] Command:       C:\Program Files\nodejs\node.exe C:\Users\L153862\AppData\Roaming\npm\node_modules\firebase-tools\lib\bin\firebase.js init
[debug] [2021-04-19T20:05:11.942Z] CLI Version:   9.10.0
[debug] [2021-04-19T20:05:11.942Z] Platform:      win32
[debug] [2021-04-19T20:05:11.943Z] Node Version:  v15.14.0
[debug] [2021-04-19T20:05:11.944Z] Time:          Mon Apr 19 2021 22:05:11 GMT+0200 (sentraleuropeisk sommertid)
[debug] [2021-04-19T20:05:11.944Z] ----------------------------------------------------------------------
[debug] 
[debug] [2021-04-19T20:05:11.952Z] > command requires scopes: ["email","openid","https://www.googleapis.com/auth/cloudplatformprojects.readonly","https://www.googleapis.com/auth/firebase","https://www.googleapis.com/auth/cloud-platform"]
[debug] [2021-04-19T20:05:11.952Z] > authorizing via signed-in user (john.m.lindseth@gmail.com)
[info] 
     ######## #### ########  ######## ########     ###     ######  ########
     ##        ##  ##     ## ##       ##     ##  ##   ##  ##       ##
     ######    ##  ########  ######   ########  #########  ######  ######
     ##        ##  ##    ##  ##       ##     ## ##     ##       ## ##
     ##       #### ##     ## ######## ########  ##     ##  ######  ########

You're about to initialize a Firebase project in this directory:

  C:\Projects\JM\jml

Before we get started, keep in mind:

  * You are currently outside your home directory

[info] 
=== Project Setup
[info] 
[info] First, let's associate this project directory with a Firebase project.
[info] You can create multiple project aliases by running firebase use --add, 
[info] but for now we'll just set up a default project.
[info] 
[debug] [2021-04-19T20:06:34.243Z] >>> [apiv2][query] GET https://firebase.googleapis.com/v1beta1/projects pageSize=100
[debug] [2021-04-19T20:06:34.843Z] <<< [apiv2][status] GET https://firebase.googleapis.com/v1beta1/projects 200
[debug] [2021-04-19T20:06:34.843Z] <<< [apiv2][body] GET https://firebase.googleapis.com/v1beta1/projects [omitted]
[info] i  Using project jmlindseth-577d3 (jmlindseth) 
[info] 
=== Hosting Setup
[info] 
[info] Your public directory is the folder (relative to your project directory) that
[info] will contain Hosting assets to be uploaded with firebase deploy. If you
[info] have a build process for your assets, use your build's output directory.
[info] 
